<?xml version="1.0" encoding="UTF-8"?>
<testsuites name="ts1" time="1" tests="1" failures="0" errors="0">
   <testsuite name="ts1" tests="1" failures="0" errors="0" time="1" timestamp="2018-08-31 17:01:16" hostname="raghu_veerappa - TH1313.thbs.india.com" id="Test Suites/ts1">
      <properties>
         <property name="deviceName" value=""/>
         <property name="devicePlatform" value=""/>
         <property name="logFolder" value="D:\\katalonTestcases\\Osb11gtest\\Reports\\ts1\\20180831_170115"/>
         <property name="logFiles" value="D:\\katalonTestcases\\Osb11gtest\\Reports\\ts1\\20180831_170115\\execution0.log"/>
         <property name="attachments" value=""/>
         <property name="hostName" value="raghu_veerappa - TH1313.thbs.india.com"/>
         <property name="hostAddress" value="172.30.64.28"/>
         <property name="os" value="Windows 8.1 64bit"/>
         <property name="katalonVersion" value="5.6.3.1"/>
      </properties>
      <testcase name="Test Cases/New Test Case" classname="Test Cases/New Test Case" status="PASSED">
         <system-out><![CDATA[2018-08-31 17:01:16 - [TEST_CASE][PASSED] - Test Cases/New Test Case: Test Cases/New Test Case

2018-08-31 17:01:17 - [TEST_STEP][PASSED] - Statement - response = com.kms.katalon.core.webservice.keyword.WSBuiltInKeywords.sendRequest(com.kms.katalon.core.testobject.ObjectRepository.findTestObject(Object Repository/manageCreditScore)): Send request successfully

2018-08-31 17:01:17 - [MESSAGE][PASSED] - Send request successfully

2018-08-31 17:01:17 - [TEST_STEP][PASSED] - Statement - println(response.toString()): null

2018-08-31 17:01:17 - [TEST_STEP][PASSED] - verifyResponseStatusCode: Verify response status code successfully

2018-08-31 17:01:17 - [MESSAGE][PASSED] - Verify response status code successfully

2018-08-31 17:01:17 - [TEST_STEP][PASSED] - containsString: Check contain string successfully

2018-08-31 17:01:17 - [MESSAGE][PASSED] - Check contain string successfully]]></system-out>
         <system-err><![CDATA[]]></system-err>
      </testcase>
      <system-out><![CDATA[2018-08-31 17:01:16 - [TEST_SUITE][PASSED] - ts1: Test Cases/New Test Case]]></system-out>
      <system-err><![CDATA[]]></system-err>
   </testsuite>
</testsuites>
